INFO - 2024-12-27 03:11:15 --> Session: Class initialized using 'CodeIgniter\Session\Handlers\FileHandler' driver.
INFO - 2024-12-27 03:12:55 --> Session: Class initialized using 'CodeIgniter\Session\Handlers\FileHandler' driver.
INFO - 2024-12-27 03:13:07 --> Session: Class initialized using 'CodeIgniter\Session\Handlers\FileHandler' driver.
INFO - 2024-12-27 03:13:08 --> Session: Class initialized using 'CodeIgniter\Session\Handlers\FileHandler' driver.
INFO - 2024-12-27 03:13:24 --> Session: Class initialized using 'CodeIgniter\Session\Handlers\FileHandler' driver.
INFO - 2024-12-27 03:13:31 --> Session: Class initialized using 'CodeIgniter\Session\Handlers\FileHandler' driver.
INFO - 2024-12-27 03:14:05 --> Session: Class initialized using 'CodeIgniter\Session\Handlers\FileHandler' driver.
INFO - 2024-12-27 03:19:41 --> Session: Class initialized using 'CodeIgniter\Session\Handlers\FileHandler' driver.
INFO - 2024-12-27 03:19:44 --> Session: Class initialized using 'CodeIgniter\Session\Handlers\FileHandler' driver.
INFO - 2024-12-27 03:19:52 --> Session: Class initialized using 'CodeIgniter\Session\Handlers\FileHandler' driver.
INFO - 2024-12-27 03:21:30 --> Session: Class initialized using 'CodeIgniter\Session\Handlers\FileHandler' driver.
INFO - 2024-12-27 03:21:35 --> Session: Class initialized using 'CodeIgniter\Session\Handlers\FileHandler' driver.
INFO - 2024-12-27 03:22:28 --> Session: Class initialized using 'CodeIgniter\Session\Handlers\FileHandler' driver.
INFO - 2024-12-27 03:22:28 --> Session: Class initialized using 'CodeIgniter\Session\Handlers\FileHandler' driver.
CRITICAL - 2024-12-27 03:22:28 --> count(): Argument #1 ($value) must be of type Countable|array, null given
in APPPATH\Views\cart.php on line 85.
 1 SYSTEMPATH\View\View.php(228): include()
 2 SYSTEMPATH\View\View.php(231): CodeIgniter\View\View->CodeIgniter\View\{closure}()
 3 SYSTEMPATH\Common.php(1190): CodeIgniter\View\View->render('cart', [], true)
 4 APPPATH\Controllers\Cart.php(57): view('cart', [...])
 5 SYSTEMPATH\CodeIgniter.php(942): App\Controllers\Cart->index()
 6 SYSTEMPATH\CodeIgniter.php(502): CodeIgniter\CodeIgniter->runController(Object(App\Controllers\Cart))
 7 SYSTEMPATH\CodeIgniter.php(361): CodeIgniter\CodeIgniter->handleRequest(null, Object(Config\Cache), false)
 8 FCPATH\index.php(79): CodeIgniter\CodeIgniter->run()
 9 SYSTEMPATH\Commands\Server\rewrite.php(47): require_once('D:\\A_PERKULIAHAN\\SEMESTER 5 nadila\\E - COMMERCE\\elora\\public\\index.php')
INFO - 2024-12-27 04:00:04 --> Session: Class initialized using 'CodeIgniter\Session\Handlers\FileHandler' driver.
ERROR - 2024-12-27 04:00:04 --> mysqli_sql_exception: Table 'db_elora.produk' doesn't exist in D:\A_PERKULIAHAN\SEMESTER 5 nadila\E - COMMERCE\elora\system\Database\MySQLi\Connection.php:306
Stack trace:
#0 D:\A_PERKULIAHAN\SEMESTER 5 nadila\E - COMMERCE\elora\system\Database\MySQLi\Connection.php(306): mysqli->query('SELECT `cart`.*...', 0)
#1 D:\A_PERKULIAHAN\SEMESTER 5 nadila\E - COMMERCE\elora\system\Database\BaseConnection.php(693): CodeIgniter\Database\MySQLi\Connection->execute('SELECT `cart`.*...')
#2 D:\A_PERKULIAHAN\SEMESTER 5 nadila\E - COMMERCE\elora\system\Database\BaseConnection.php(607): CodeIgniter\Database\BaseConnection->simpleQuery('SELECT `cart`.*...')
#3 D:\A_PERKULIAHAN\SEMESTER 5 nadila\E - COMMERCE\elora\system\Database\BaseBuilder.php(1615): CodeIgniter\Database\BaseConnection->query('SELECT `cart`.*...', Array, false)
#4 D:\A_PERKULIAHAN\SEMESTER 5 nadila\E - COMMERCE\elora\app\Models\CartModel.php(25): CodeIgniter\Database\BaseBuilder->get()
#5 D:\A_PERKULIAHAN\SEMESTER 5 nadila\E - COMMERCE\elora\app\Controllers\Cart.php(53): App\Models\CartModel->getCartDetails(NULL)
#6 D:\A_PERKULIAHAN\SEMESTER 5 nadila\E - COMMERCE\elora\system\CodeIgniter.php(942): App\Controllers\Cart->index()
#7 D:\A_PERKULIAHAN\SEMESTER 5 nadila\E - COMMERCE\elora\system\CodeIgniter.php(502): CodeIgniter\CodeIgniter->runController(Object(App\Controllers\Cart))
#8 D:\A_PERKULIAHAN\SEMESTER 5 nadila\E - COMMERCE\elora\system\CodeIgniter.php(361): CodeIgniter\CodeIgniter->handleRequest(NULL, Object(Config\Cache), false)
#9 D:\A_PERKULIAHAN\SEMESTER 5 nadila\E - COMMERCE\elora\public\index.php(79): CodeIgniter\CodeIgniter->run()
#10 D:\A_PERKULIAHAN\SEMESTER 5 nadila\E - COMMERCE\elora\system\Commands\Server\rewrite.php(47): require_once('D:\\A_PERKULIAHA...')
#11 {main}
CRITICAL - 2024-12-27 04:00:04 --> Table 'db_elora.produk' doesn't exist
in SYSTEMPATH\Database\BaseConnection.php on line 647.
 1 SYSTEMPATH\Database\BaseBuilder.php(1615): CodeIgniter\Database\BaseConnection->query('SELECT `cart`.*, `users`.`nama_lengkap` AS `nama_user`, `kategori`.`nm_kategori`, `produk`.`nama_product`, `produk`.`harga`
FROM `cart`
JOIN `users` ON `users`.`id_user` = `cart`.`id_user`
JOIN `kategori` ON `kategori`.`id_kategori` = `cart`.`id_kategori`
JOIN `produk` ON `produk`.`id_product` = `cart`.`id_product`', [], false)
 2 APPPATH\Models\CartModel.php(25): CodeIgniter\Database\BaseBuilder->get()
 3 APPPATH\Controllers\Cart.php(53): App\Models\CartModel->getCartDetails(null)
 4 SYSTEMPATH\CodeIgniter.php(942): App\Controllers\Cart->index()
 5 SYSTEMPATH\CodeIgniter.php(502): CodeIgniter\CodeIgniter->runController(Object(App\Controllers\Cart))
 6 SYSTEMPATH\CodeIgniter.php(361): CodeIgniter\CodeIgniter->handleRequest(null, Object(Config\Cache), false)
 7 FCPATH\index.php(79): CodeIgniter\CodeIgniter->run()
 8 SYSTEMPATH\Commands\Server\rewrite.php(47): require_once('D:\\A_PERKULIAHAN\\SEMESTER 5 nadila\\E - COMMERCE\\elora\\public\\index.php')
INFO - 2024-12-27 04:00:07 --> Session: Class initialized using 'CodeIgniter\Session\Handlers\FileHandler' driver.
INFO - 2024-12-27 04:00:10 --> Session: Class initialized using 'CodeIgniter\Session\Handlers\FileHandler' driver.
ERROR - 2024-12-27 04:00:10 --> mysqli_sql_exception: Column 'id_user' cannot be null in D:\A_PERKULIAHAN\SEMESTER 5 nadila\E - COMMERCE\elora\system\Database\MySQLi\Connection.php:306
Stack trace:
#0 D:\A_PERKULIAHAN\SEMESTER 5 nadila\E - COMMERCE\elora\system\Database\MySQLi\Connection.php(306): mysqli->query('INSERT INTO `ca...', 0)
#1 D:\A_PERKULIAHAN\SEMESTER 5 nadila\E - COMMERCE\elora\system\Database\BaseConnection.php(693): CodeIgniter\Database\MySQLi\Connection->execute('INSERT INTO `ca...')
#2 D:\A_PERKULIAHAN\SEMESTER 5 nadila\E - COMMERCE\elora\system\Database\BaseConnection.php(607): CodeIgniter\Database\BaseConnection->simpleQuery('INSERT INTO `ca...')
#3 D:\A_PERKULIAHAN\SEMESTER 5 nadila\E - COMMERCE\elora\system\Database\BaseBuilder.php(2308): CodeIgniter\Database\BaseConnection->query('INSERT INTO `ca...', Array, false)
#4 D:\A_PERKULIAHAN\SEMESTER 5 nadila\E - COMMERCE\elora\system\Model.php(319): CodeIgniter\Database\BaseBuilder->insert()
#5 D:\A_PERKULIAHAN\SEMESTER 5 nadila\E - COMMERCE\elora\system\BaseModel.php(788): CodeIgniter\Model->doInsert(Array)
#6 D:\A_PERKULIAHAN\SEMESTER 5 nadila\E - COMMERCE\elora\system\Model.php(715): CodeIgniter\BaseModel->insert(Array, false)
#7 D:\A_PERKULIAHAN\SEMESTER 5 nadila\E - COMMERCE\elora\system\BaseModel.php(698): CodeIgniter\Model->insert(Array, false)
#8 D:\A_PERKULIAHAN\SEMESTER 5 nadila\E - COMMERCE\elora\app\Controllers\Cart.php(97): CodeIgniter\BaseModel->save(Array)
#9 D:\A_PERKULIAHAN\SEMESTER 5 nadila\E - COMMERCE\elora\system\CodeIgniter.php(942): App\Controllers\Cart->addToCart('HNB-01')
#10 D:\A_PERKULIAHAN\SEMESTER 5 nadila\E - COMMERCE\elora\system\CodeIgniter.php(502): CodeIgniter\CodeIgniter->runController(Object(App\Controllers\Cart))
#11 D:\A_PERKULIAHAN\SEMESTER 5 nadila\E - COMMERCE\elora\system\CodeIgniter.php(361): CodeIgniter\CodeIgniter->handleRequest(NULL, Object(Config\Cache), false)
#12 D:\A_PERKULIAHAN\SEMESTER 5 nadila\E - COMMERCE\elora\public\index.php(79): CodeIgniter\CodeIgniter->run()
#13 D:\A_PERKULIAHAN\SEMESTER 5 nadila\E - COMMERCE\elora\system\Commands\Server\rewrite.php(47): require_once('D:\\A_PERKULIAHA...')
#14 {main}
CRITICAL - 2024-12-27 04:00:10 --> Column 'id_user' cannot be null
in SYSTEMPATH\Database\BaseConnection.php on line 647.
 1 SYSTEMPATH\Database\BaseBuilder.php(2308): CodeIgniter\Database\BaseConnection->query('INSERT INTO `cart` (`id_user`, `id_kategori`, `id_product`, `qty`, `total_bayar`) VALUES (:id_user:, :id_kategori:, :id_product:, :qty:, :total_bayar:)', [...], false)
 2 SYSTEMPATH\Model.php(319): CodeIgniter\Database\BaseBuilder->insert()
 3 SYSTEMPATH\BaseModel.php(788): CodeIgniter\Model->doInsert([...])
 4 SYSTEMPATH\Model.php(715): CodeIgniter\BaseModel->insert([...], false)
 5 SYSTEMPATH\BaseModel.php(698): CodeIgniter\Model->insert([...], false)
 6 APPPATH\Controllers\Cart.php(97): CodeIgniter\BaseModel->save([...])
 7 SYSTEMPATH\CodeIgniter.php(942): App\Controllers\Cart->addToCart('HNB-01')
 8 SYSTEMPATH\CodeIgniter.php(502): CodeIgniter\CodeIgniter->runController(Object(App\Controllers\Cart))
 9 SYSTEMPATH\CodeIgniter.php(361): CodeIgniter\CodeIgniter->handleRequest(null, Object(Config\Cache), false)
10 FCPATH\index.php(79): CodeIgniter\CodeIgniter->run()
11 SYSTEMPATH\Commands\Server\rewrite.php(47): require_once('D:\\A_PERKULIAHAN\\SEMESTER 5 nadila\\E - COMMERCE\\elora\\public\\index.php')
INFO - 2024-12-27 04:00:16 --> Session: Class initialized using 'CodeIgniter\Session\Handlers\FileHandler' driver.
INFO - 2024-12-27 04:00:21 --> Session: Class initialized using 'CodeIgniter\Session\Handlers\FileHandler' driver.
ERROR - 2024-12-27 04:00:21 --> mysqli_sql_exception: Column 'id_user' cannot be null in D:\A_PERKULIAHAN\SEMESTER 5 nadila\E - COMMERCE\elora\system\Database\MySQLi\Connection.php:306
Stack trace:
#0 D:\A_PERKULIAHAN\SEMESTER 5 nadila\E - COMMERCE\elora\system\Database\MySQLi\Connection.php(306): mysqli->query('INSERT INTO `ca...', 0)
#1 D:\A_PERKULIAHAN\SEMESTER 5 nadila\E - COMMERCE\elora\system\Database\BaseConnection.php(693): CodeIgniter\Database\MySQLi\Connection->execute('INSERT INTO `ca...')
#2 D:\A_PERKULIAHAN\SEMESTER 5 nadila\E - COMMERCE\elora\system\Database\BaseConnection.php(607): CodeIgniter\Database\BaseConnection->simpleQuery('INSERT INTO `ca...')
#3 D:\A_PERKULIAHAN\SEMESTER 5 nadila\E - COMMERCE\elora\system\Database\BaseBuilder.php(2308): CodeIgniter\Database\BaseConnection->query('INSERT INTO `ca...', Array, false)
#4 D:\A_PERKULIAHAN\SEMESTER 5 nadila\E - COMMERCE\elora\system\Model.php(319): CodeIgniter\Database\BaseBuilder->insert()
#5 D:\A_PERKULIAHAN\SEMESTER 5 nadila\E - COMMERCE\elora\system\BaseModel.php(788): CodeIgniter\Model->doInsert(Array)
#6 D:\A_PERKULIAHAN\SEMESTER 5 nadila\E - COMMERCE\elora\system\Model.php(715): CodeIgniter\BaseModel->insert(Array, false)
#7 D:\A_PERKULIAHAN\SEMESTER 5 nadila\E - COMMERCE\elora\system\BaseModel.php(698): CodeIgniter\Model->insert(Array, false)
#8 D:\A_PERKULIAHAN\SEMESTER 5 nadila\E - COMMERCE\elora\app\Controllers\Cart.php(97): CodeIgniter\BaseModel->save(Array)
#9 D:\A_PERKULIAHAN\SEMESTER 5 nadila\E - COMMERCE\elora\system\CodeIgniter.php(942): App\Controllers\Cart->addToCart('HNB-01')
#10 D:\A_PERKULIAHAN\SEMESTER 5 nadila\E - COMMERCE\elora\system\CodeIgniter.php(502): CodeIgniter\CodeIgniter->runController(Object(App\Controllers\Cart))
#11 D:\A_PERKULIAHAN\SEMESTER 5 nadila\E - COMMERCE\elora\system\CodeIgniter.php(361): CodeIgniter\CodeIgniter->handleRequest(NULL, Object(Config\Cache), false)
#12 D:\A_PERKULIAHAN\SEMESTER 5 nadila\E - COMMERCE\elora\public\index.php(79): CodeIgniter\CodeIgniter->run()
#13 D:\A_PERKULIAHAN\SEMESTER 5 nadila\E - COMMERCE\elora\system\Commands\Server\rewrite.php(47): require_once('D:\\A_PERKULIAHA...')
#14 {main}
CRITICAL - 2024-12-27 04:00:21 --> Column 'id_user' cannot be null
in SYSTEMPATH\Database\BaseConnection.php on line 647.
 1 SYSTEMPATH\Database\BaseBuilder.php(2308): CodeIgniter\Database\BaseConnection->query('INSERT INTO `cart` (`id_user`, `id_kategori`, `id_product`, `qty`, `total_bayar`) VALUES (:id_user:, :id_kategori:, :id_product:, :qty:, :total_bayar:)', [...], false)
 2 SYSTEMPATH\Model.php(319): CodeIgniter\Database\BaseBuilder->insert()
 3 SYSTEMPATH\BaseModel.php(788): CodeIgniter\Model->doInsert([...])
 4 SYSTEMPATH\Model.php(715): CodeIgniter\BaseModel->insert([...], false)
 5 SYSTEMPATH\BaseModel.php(698): CodeIgniter\Model->insert([...], false)
 6 APPPATH\Controllers\Cart.php(97): CodeIgniter\BaseModel->save([...])
 7 SYSTEMPATH\CodeIgniter.php(942): App\Controllers\Cart->addToCart('HNB-01')
 8 SYSTEMPATH\CodeIgniter.php(502): CodeIgniter\CodeIgniter->runController(Object(App\Controllers\Cart))
 9 SYSTEMPATH\CodeIgniter.php(361): CodeIgniter\CodeIgniter->handleRequest(null, Object(Config\Cache), false)
10 FCPATH\index.php(79): CodeIgniter\CodeIgniter->run()
11 SYSTEMPATH\Commands\Server\rewrite.php(47): require_once('D:\\A_PERKULIAHAN\\SEMESTER 5 nadila\\E - COMMERCE\\elora\\public\\index.php')
INFO - 2024-12-27 04:02:06 --> Session: Class initialized using 'CodeIgniter\Session\Handlers\FileHandler' driver.
INFO - 2024-12-27 04:02:09 --> Session: Class initialized using 'CodeIgniter\Session\Handlers\FileHandler' driver.
INFO - 2024-12-27 04:02:09 --> Session: Class initialized using 'CodeIgniter\Session\Handlers\FileHandler' driver.
INFO - 2024-12-27 04:02:23 --> Session: Class initialized using 'CodeIgniter\Session\Handlers\FileHandler' driver.
INFO - 2024-12-27 04:02:23 --> Session: Class initialized using 'CodeIgniter\Session\Handlers\FileHandler' driver.
INFO - 2024-12-27 04:02:29 --> Session: Class initialized using 'CodeIgniter\Session\Handlers\FileHandler' driver.
INFO - 2024-12-27 04:02:30 --> Session: Class initialized using 'CodeIgniter\Session\Handlers\FileHandler' driver.
INFO - 2024-12-27 04:02:41 --> Session: Class initialized using 'CodeIgniter\Session\Handlers\FileHandler' driver.
INFO - 2024-12-27 04:02:42 --> Session: Class initialized using 'CodeIgniter\Session\Handlers\FileHandler' driver.
INFO - 2024-12-27 04:05:27 --> Session: Class initialized using 'CodeIgniter\Session\Handlers\FileHandler' driver.
ERROR - 2024-12-27 04:05:27 --> Session id_user tidak ditemukan atau null
INFO - 2024-12-27 04:05:28 --> Session: Class initialized using 'CodeIgniter\Session\Handlers\FileHandler' driver.
INFO - 2024-12-27 04:05:39 --> Session: Class initialized using 'CodeIgniter\Session\Handlers\FileHandler' driver.
INFO - 2024-12-27 04:05:39 --> Session: Class initialized using 'CodeIgniter\Session\Handlers\FileHandler' driver.
INFO - 2024-12-27 04:07:22 --> Session: Class initialized using 'CodeIgniter\Session\Handlers\FileHandler' driver.
INFO - 2024-12-27 04:07:27 --> Session: Class initialized using 'CodeIgniter\Session\Handlers\FileHandler' driver.
ERROR - 2024-12-27 04:07:27 --> mysqli_sql_exception: Table 'db_elora.produk' doesn't exist in D:\A_PERKULIAHAN\SEMESTER 5 nadila\E - COMMERCE\elora\system\Database\MySQLi\Connection.php:306
Stack trace:
#0 D:\A_PERKULIAHAN\SEMESTER 5 nadila\E - COMMERCE\elora\system\Database\MySQLi\Connection.php(306): mysqli->query('SELECT `cart`.*...', 0)
#1 D:\A_PERKULIAHAN\SEMESTER 5 nadila\E - COMMERCE\elora\system\Database\BaseConnection.php(693): CodeIgniter\Database\MySQLi\Connection->execute('SELECT `cart`.*...')
#2 D:\A_PERKULIAHAN\SEMESTER 5 nadila\E - COMMERCE\elora\system\Database\BaseConnection.php(607): CodeIgniter\Database\BaseConnection->simpleQuery('SELECT `cart`.*...')
#3 D:\A_PERKULIAHAN\SEMESTER 5 nadila\E - COMMERCE\elora\system\Database\BaseBuilder.php(1615): CodeIgniter\Database\BaseConnection->query('SELECT `cart`.*...', Array, false)
#4 D:\A_PERKULIAHAN\SEMESTER 5 nadila\E - COMMERCE\elora\app\Models\CartModel.php(25): CodeIgniter\Database\BaseBuilder->get()
#5 D:\A_PERKULIAHAN\SEMESTER 5 nadila\E - COMMERCE\elora\app\Controllers\Cart.php(53): App\Models\CartModel->getCartDetails('NA20241212')
#6 D:\A_PERKULIAHAN\SEMESTER 5 nadila\E - COMMERCE\elora\system\CodeIgniter.php(942): App\Controllers\Cart->index()
#7 D:\A_PERKULIAHAN\SEMESTER 5 nadila\E - COMMERCE\elora\system\CodeIgniter.php(502): CodeIgniter\CodeIgniter->runController(Object(App\Controllers\Cart))
#8 D:\A_PERKULIAHAN\SEMESTER 5 nadila\E - COMMERCE\elora\system\CodeIgniter.php(361): CodeIgniter\CodeIgniter->handleRequest(NULL, Object(Config\Cache), false)
#9 D:\A_PERKULIAHAN\SEMESTER 5 nadila\E - COMMERCE\elora\public\index.php(79): CodeIgniter\CodeIgniter->run()
#10 D:\A_PERKULIAHAN\SEMESTER 5 nadila\E - COMMERCE\elora\system\Commands\Server\rewrite.php(47): require_once('D:\\A_PERKULIAHA...')
#11 {main}
CRITICAL - 2024-12-27 04:07:27 --> Table 'db_elora.produk' doesn't exist
in SYSTEMPATH\Database\BaseConnection.php on line 647.
 1 SYSTEMPATH\Database\BaseBuilder.php(1615): CodeIgniter\Database\BaseConnection->query('SELECT `cart`.*, `users`.`nama_lengkap` AS `nama_user`, `kategori`.`nm_kategori`, `produk`.`nama_product`, `produk`.`harga`
FROM `cart`
JOIN `users` ON `users`.`id_user` = `cart`.`id_user`
JOIN `kategori` ON `kategori`.`id_kategori` = `cart`.`id_kategori`
JOIN `produk` ON `produk`.`id_product` = `cart`.`id_product`
WHERE `cart`.`id_user` = :cart.id_user:', [...], false)
 2 APPPATH\Models\CartModel.php(25): CodeIgniter\Database\BaseBuilder->get()
 3 APPPATH\Controllers\Cart.php(53): App\Models\CartModel->getCartDetails('NA20241212')
 4 SYSTEMPATH\CodeIgniter.php(942): App\Controllers\Cart->index()
 5 SYSTEMPATH\CodeIgniter.php(502): CodeIgniter\CodeIgniter->runController(Object(App\Controllers\Cart))
 6 SYSTEMPATH\CodeIgniter.php(361): CodeIgniter\CodeIgniter->handleRequest(null, Object(Config\Cache), false)
 7 FCPATH\index.php(79): CodeIgniter\CodeIgniter->run()
 8 SYSTEMPATH\Commands\Server\rewrite.php(47): require_once('D:\\A_PERKULIAHAN\\SEMESTER 5 nadila\\E - COMMERCE\\elora\\public\\index.php')
INFO - 2024-12-27 04:07:30 --> Session: Class initialized using 'CodeIgniter\Session\Handlers\FileHandler' driver.
INFO - 2024-12-27 04:07:59 --> Session: Class initialized using 'CodeIgniter\Session\Handlers\FileHandler' driver.
INFO - 2024-12-27 04:08:00 --> Session: Class initialized using 'CodeIgniter\Session\Handlers\FileHandler' driver.
ERROR - 2024-12-27 04:08:00 --> mysqli_sql_exception: Table 'db_elora.produk' doesn't exist in D:\A_PERKULIAHAN\SEMESTER 5 nadila\E - COMMERCE\elora\system\Database\MySQLi\Connection.php:306
Stack trace:
#0 D:\A_PERKULIAHAN\SEMESTER 5 nadila\E - COMMERCE\elora\system\Database\MySQLi\Connection.php(306): mysqli->query('SELECT `cart`.*...', 0)
#1 D:\A_PERKULIAHAN\SEMESTER 5 nadila\E - COMMERCE\elora\system\Database\BaseConnection.php(693): CodeIgniter\Database\MySQLi\Connection->execute('SELECT `cart`.*...')
#2 D:\A_PERKULIAHAN\SEMESTER 5 nadila\E - COMMERCE\elora\system\Database\BaseConnection.php(607): CodeIgniter\Database\BaseConnection->simpleQuery('SELECT `cart`.*...')
#3 D:\A_PERKULIAHAN\SEMESTER 5 nadila\E - COMMERCE\elora\system\Database\BaseBuilder.php(1615): CodeIgniter\Database\BaseConnection->query('SELECT `cart`.*...', Array, false)
#4 D:\A_PERKULIAHAN\SEMESTER 5 nadila\E - COMMERCE\elora\app\Models\CartModel.php(25): CodeIgniter\Database\BaseBuilder->get()
#5 D:\A_PERKULIAHAN\SEMESTER 5 nadila\E - COMMERCE\elora\app\Controllers\Cart.php(53): App\Models\CartModel->getCartDetails('NA20241212')
#6 D:\A_PERKULIAHAN\SEMESTER 5 nadila\E - COMMERCE\elora\system\CodeIgniter.php(942): App\Controllers\Cart->index()
#7 D:\A_PERKULIAHAN\SEMESTER 5 nadila\E - COMMERCE\elora\system\CodeIgniter.php(502): CodeIgniter\CodeIgniter->runController(Object(App\Controllers\Cart))
#8 D:\A_PERKULIAHAN\SEMESTER 5 nadila\E - COMMERCE\elora\system\CodeIgniter.php(361): CodeIgniter\CodeIgniter->handleRequest(NULL, Object(Config\Cache), false)
#9 D:\A_PERKULIAHAN\SEMESTER 5 nadila\E - COMMERCE\elora\public\index.php(79): CodeIgniter\CodeIgniter->run()
#10 D:\A_PERKULIAHAN\SEMESTER 5 nadila\E - COMMERCE\elora\system\Commands\Server\rewrite.php(47): require_once('D:\\A_PERKULIAHA...')
#11 {main}
CRITICAL - 2024-12-27 04:08:00 --> Table 'db_elora.produk' doesn't exist
in SYSTEMPATH\Database\BaseConnection.php on line 647.
 1 SYSTEMPATH\Database\BaseBuilder.php(1615): CodeIgniter\Database\BaseConnection->query('SELECT `cart`.*, `users`.`nama_lengkap` AS `nama_user`, `kategori`.`nm_kategori`, `produk`.`nama_product`, `produk`.`harga`
FROM `cart`
JOIN `users` ON `users`.`id_user` = `cart`.`id_user`
JOIN `kategori` ON `kategori`.`id_kategori` = `cart`.`id_kategori`
JOIN `produk` ON `produk`.`id_product` = `cart`.`id_product`
WHERE `cart`.`id_user` = :cart.id_user:', [...], false)
 2 APPPATH\Models\CartModel.php(25): CodeIgniter\Database\BaseBuilder->get()
 3 APPPATH\Controllers\Cart.php(53): App\Models\CartModel->getCartDetails('NA20241212')
 4 SYSTEMPATH\CodeIgniter.php(942): App\Controllers\Cart->index()
 5 SYSTEMPATH\CodeIgniter.php(502): CodeIgniter\CodeIgniter->runController(Object(App\Controllers\Cart))
 6 SYSTEMPATH\CodeIgniter.php(361): CodeIgniter\CodeIgniter->handleRequest(null, Object(Config\Cache), false)
 7 FCPATH\index.php(79): CodeIgniter\CodeIgniter->run()
 8 SYSTEMPATH\Commands\Server\rewrite.php(47): require_once('D:\\A_PERKULIAHAN\\SEMESTER 5 nadila\\E - COMMERCE\\elora\\public\\index.php')
INFO - 2024-12-27 04:08:42 --> Session: Class initialized using 'CodeIgniter\Session\Handlers\FileHandler' driver.
CRITICAL - 2024-12-27 04:08:42 --> count(): Argument #1 ($value) must be of type Countable|array, null given
in APPPATH\Views\cart.php on line 85.
 1 SYSTEMPATH\View\View.php(228): include()
 2 SYSTEMPATH\View\View.php(231): CodeIgniter\View\View->CodeIgniter\View\{closure}()
 3 SYSTEMPATH\Common.php(1190): CodeIgniter\View\View->render('cart', [], true)
 4 APPPATH\Controllers\Cart.php(55): view('cart', [...])
 5 SYSTEMPATH\CodeIgniter.php(942): App\Controllers\Cart->index()
 6 SYSTEMPATH\CodeIgniter.php(502): CodeIgniter\CodeIgniter->runController(Object(App\Controllers\Cart))
 7 SYSTEMPATH\CodeIgniter.php(361): CodeIgniter\CodeIgniter->handleRequest(null, Object(Config\Cache), false)
 8 FCPATH\index.php(79): CodeIgniter\CodeIgniter->run()
 9 SYSTEMPATH\Commands\Server\rewrite.php(47): require_once('D:\\A_PERKULIAHAN\\SEMESTER 5 nadila\\E - COMMERCE\\elora\\public\\index.php')
INFO - 2024-12-27 04:11:19 --> Session: Class initialized using 'CodeIgniter\Session\Handlers\FileHandler' driver.
CRITICAL - 2024-12-27 04:11:19 --> Undefined array key "gambar_1"
in APPPATH\Views\cart.php on line 95.
 1 APPPATH\Views\cart.php(95): CodeIgniter\Debug\Exceptions->errorHandler(2, 'Undefined array key "gambar_1"', 'D:\\A_PERKULIAHAN\\SEMESTER 5 nadila\\E - COMMERCE\\elora\\app\\Views\\cart.php', 95)
 2 SYSTEMPATH\View\View.php(228): include('D:\\A_PERKULIAHAN\\SEMESTER 5 nadila\\E - COMMERCE\\elora\\app\\Views\\cart.php')
 3 SYSTEMPATH\View\View.php(231): CodeIgniter\View\View->CodeIgniter\View\{closure}()
 4 SYSTEMPATH\Common.php(1190): CodeIgniter\View\View->render('cart', [], true)
 5 APPPATH\Controllers\Cart.php(57): view('cart', [...])
 6 SYSTEMPATH\CodeIgniter.php(942): App\Controllers\Cart->index()
 7 SYSTEMPATH\CodeIgniter.php(502): CodeIgniter\CodeIgniter->runController(Object(App\Controllers\Cart))
 8 SYSTEMPATH\CodeIgniter.php(361): CodeIgniter\CodeIgniter->handleRequest(null, Object(Config\Cache), false)
 9 FCPATH\index.php(79): CodeIgniter\CodeIgniter->run()
10 SYSTEMPATH\Commands\Server\rewrite.php(47): require_once('D:\\A_PERKULIAHAN\\SEMESTER 5 nadila\\E - COMMERCE\\elora\\public\\index.php')
INFO - 2024-12-27 04:16:23 --> Session: Class initialized using 'CodeIgniter\Session\Handlers\FileHandler' driver.
INFO - 2024-12-27 04:16:57 --> Session: Class initialized using 'CodeIgniter\Session\Handlers\FileHandler' driver.
INFO - 2024-12-27 04:17:00 --> Session: Class initialized using 'CodeIgniter\Session\Handlers\FileHandler' driver.
INFO - 2024-12-27 04:17:01 --> Session: Class initialized using 'CodeIgniter\Session\Handlers\FileHandler' driver.
CRITICAL - 2024-12-27 04:17:01 --> Undefined array key "diskon"
in APPPATH\Views\cart.php on line 105.
 1 APPPATH\Views\cart.php(105): CodeIgniter\Debug\Exceptions->errorHandler(2, 'Undefined array key "diskon"', 'D:\\A_PERKULIAHAN\\SEMESTER 5 nadila\\E - COMMERCE\\elora\\app\\Views\\cart.php', 105)
 2 SYSTEMPATH\View\View.php(228): include('D:\\A_PERKULIAHAN\\SEMESTER 5 nadila\\E - COMMERCE\\elora\\app\\Views\\cart.php')
 3 SYSTEMPATH\View\View.php(231): CodeIgniter\View\View->CodeIgniter\View\{closure}()
 4 SYSTEMPATH\Common.php(1190): CodeIgniter\View\View->render('cart', [], true)
 5 APPPATH\Controllers\Cart.php(57): view('cart', [...])
 6 SYSTEMPATH\CodeIgniter.php(942): App\Controllers\Cart->index()
 7 SYSTEMPATH\CodeIgniter.php(502): CodeIgniter\CodeIgniter->runController(Object(App\Controllers\Cart))
 8 SYSTEMPATH\CodeIgniter.php(361): CodeIgniter\CodeIgniter->handleRequest(null, Object(Config\Cache), false)
 9 FCPATH\index.php(79): CodeIgniter\CodeIgniter->run()
10 SYSTEMPATH\Commands\Server\rewrite.php(47): require_once('D:\\A_PERKULIAHAN\\SEMESTER 5 nadila\\E - COMMERCE\\elora\\public\\index.php')
INFO - 2024-12-27 04:17:24 --> Session: Class initialized using 'CodeIgniter\Session\Handlers\FileHandler' driver.
INFO - 2024-12-27 04:17:35 --> Session: Class initialized using 'CodeIgniter\Session\Handlers\FileHandler' driver.
INFO - 2024-12-27 04:17:37 --> Session: Class initialized using 'CodeIgniter\Session\Handlers\FileHandler' driver.
ERROR - 2024-12-27 04:17:37 --> mysqli_sql_exception: Duplicate entry '' for key 'PRIMARY' in D:\A_PERKULIAHAN\SEMESTER 5 nadila\E - COMMERCE\elora\system\Database\MySQLi\Connection.php:306
Stack trace:
#0 D:\A_PERKULIAHAN\SEMESTER 5 nadila\E - COMMERCE\elora\system\Database\MySQLi\Connection.php(306): mysqli->query('INSERT INTO `ca...', 0)
#1 D:\A_PERKULIAHAN\SEMESTER 5 nadila\E - COMMERCE\elora\system\Database\BaseConnection.php(693): CodeIgniter\Database\MySQLi\Connection->execute('INSERT INTO `ca...')
#2 D:\A_PERKULIAHAN\SEMESTER 5 nadila\E - COMMERCE\elora\system\Database\BaseConnection.php(607): CodeIgniter\Database\BaseConnection->simpleQuery('INSERT INTO `ca...')
#3 D:\A_PERKULIAHAN\SEMESTER 5 nadila\E - COMMERCE\elora\system\Database\BaseBuilder.php(2308): CodeIgniter\Database\BaseConnection->query('INSERT INTO `ca...', Array, false)
#4 D:\A_PERKULIAHAN\SEMESTER 5 nadila\E - COMMERCE\elora\system\Model.php(319): CodeIgniter\Database\BaseBuilder->insert()
#5 D:\A_PERKULIAHAN\SEMESTER 5 nadila\E - COMMERCE\elora\system\BaseModel.php(788): CodeIgniter\Model->doInsert(Array)
#6 D:\A_PERKULIAHAN\SEMESTER 5 nadila\E - COMMERCE\elora\system\Model.php(715): CodeIgniter\BaseModel->insert(Array, false)
#7 D:\A_PERKULIAHAN\SEMESTER 5 nadila\E - COMMERCE\elora\system\BaseModel.php(698): CodeIgniter\Model->insert(Array, false)
#8 D:\A_PERKULIAHAN\SEMESTER 5 nadila\E - COMMERCE\elora\app\Controllers\Cart.php(113): CodeIgniter\BaseModel->save(Array)
#9 D:\A_PERKULIAHAN\SEMESTER 5 nadila\E - COMMERCE\elora\system\CodeIgniter.php(942): App\Controllers\Cart->addToCart('HNB-ELPS-01')
#10 D:\A_PERKULIAHAN\SEMESTER 5 nadila\E - COMMERCE\elora\system\CodeIgniter.php(502): CodeIgniter\CodeIgniter->runController(Object(App\Controllers\Cart))
#11 D:\A_PERKULIAHAN\SEMESTER 5 nadila\E - COMMERCE\elora\system\CodeIgniter.php(361): CodeIgniter\CodeIgniter->handleRequest(NULL, Object(Config\Cache), false)
#12 D:\A_PERKULIAHAN\SEMESTER 5 nadila\E - COMMERCE\elora\public\index.php(79): CodeIgniter\CodeIgniter->run()
#13 D:\A_PERKULIAHAN\SEMESTER 5 nadila\E - COMMERCE\elora\system\Commands\Server\rewrite.php(47): require_once('D:\\A_PERKULIAHA...')
#14 {main}
CRITICAL - 2024-12-27 04:17:37 --> Duplicate entry '' for key 'PRIMARY'
in SYSTEMPATH\Database\BaseConnection.php on line 647.
 1 SYSTEMPATH\Database\BaseBuilder.php(2308): CodeIgniter\Database\BaseConnection->query('INSERT INTO `cart` (`id_user`, `id_kategori`, `id_product`, `gambar_1`, `qty`, `total_bayar`) VALUES (:id_user:, :id_kategori:, :id_product:, :gambar_1:, :qty:, :total_bayar:)', [...], false)
 2 SYSTEMPATH\Model.php(319): CodeIgniter\Database\BaseBuilder->insert()
 3 SYSTEMPATH\BaseModel.php(788): CodeIgniter\Model->doInsert([...])
 4 SYSTEMPATH\Model.php(715): CodeIgniter\BaseModel->insert([...], false)
 5 SYSTEMPATH\BaseModel.php(698): CodeIgniter\Model->insert([...], false)
 6 APPPATH\Controllers\Cart.php(113): CodeIgniter\BaseModel->save([...])
 7 SYSTEMPATH\CodeIgniter.php(942): App\Controllers\Cart->addToCart('HNB-ELPS-01')
 8 SYSTEMPATH\CodeIgniter.php(502): CodeIgniter\CodeIgniter->runController(Object(App\Controllers\Cart))
 9 SYSTEMPATH\CodeIgniter.php(361): CodeIgniter\CodeIgniter->handleRequest(null, Object(Config\Cache), false)
10 FCPATH\index.php(79): CodeIgniter\CodeIgniter->run()
11 SYSTEMPATH\Commands\Server\rewrite.php(47): require_once('D:\\A_PERKULIAHAN\\SEMESTER 5 nadila\\E - COMMERCE\\elora\\public\\index.php')
INFO - 2024-12-27 04:17:40 --> Session: Class initialized using 'CodeIgniter\Session\Handlers\FileHandler' driver.
INFO - 2024-12-27 04:17:46 --> Session: Class initialized using 'CodeIgniter\Session\Handlers\FileHandler' driver.
INFO - 2024-12-27 04:20:14 --> Session: Class initialized using 'CodeIgniter\Session\Handlers\FileHandler' driver.
INFO - 2024-12-27 04:20:16 --> Session: Class initialized using 'CodeIgniter\Session\Handlers\FileHandler' driver.
INFO - 2024-12-27 04:20:20 --> Session: Class initialized using 'CodeIgniter\Session\Handlers\FileHandler' driver.
INFO - 2024-12-27 04:20:20 --> Session: Class initialized using 'CodeIgniter\Session\Handlers\FileHandler' driver.
INFO - 2024-12-27 04:20:25 --> Session: Class initialized using 'CodeIgniter\Session\Handlers\FileHandler' driver.
INFO - 2024-12-27 04:20:29 --> Session: Class initialized using 'CodeIgniter\Session\Handlers\FileHandler' driver.
INFO - 2024-12-27 04:20:29 --> Session: Class initialized using 'CodeIgniter\Session\Handlers\FileHandler' driver.
INFO - 2024-12-27 04:20:46 --> Session: Class initialized using 'CodeIgniter\Session\Handlers\FileHandler' driver.
INFO - 2024-12-27 04:20:49 --> Session: Class initialized using 'CodeIgniter\Session\Handlers\FileHandler' driver.
INFO - 2024-12-27 04:20:50 --> Session: Class initialized using 'CodeIgniter\Session\Handlers\FileHandler' driver.
INFO - 2024-12-27 04:20:53 --> Session: Class initialized using 'CodeIgniter\Session\Handlers\FileHandler' driver.
INFO - 2024-12-27 04:22:44 --> Session: Class initialized using 'CodeIgniter\Session\Handlers\FileHandler' driver.
INFO - 2024-12-27 04:33:19 --> Session: Class initialized using 'CodeIgniter\Session\Handlers\FileHandler' driver.
INFO - 2024-12-27 04:33:44 --> Session: Class initialized using 'CodeIgniter\Session\Handlers\FileHandler' driver.
INFO - 2024-12-27 04:33:56 --> Session: Class initialized using 'CodeIgniter\Session\Handlers\FileHandler' driver.
INFO - 2024-12-27 04:34:06 --> Session: Class initialized using 'CodeIgniter\Session\Handlers\FileHandler' driver.
INFO - 2024-12-27 04:35:02 --> Session: Class initialized using 'CodeIgniter\Session\Handlers\FileHandler' driver.
INFO - 2024-12-27 04:35:06 --> Session: Class initialized using 'CodeIgniter\Session\Handlers\FileHandler' driver.
INFO - 2024-12-27 04:35:49 --> Session: Class initialized using 'CodeIgniter\Session\Handlers\FileHandler' driver.
INFO - 2024-12-27 04:36:00 --> Session: Class initialized using 'CodeIgniter\Session\Handlers\FileHandler' driver.
INFO - 2024-12-27 04:37:07 --> Session: Class initialized using 'CodeIgniter\Session\Handlers\FileHandler' driver.
INFO - 2024-12-27 04:38:12 --> Session: Class initialized using 'CodeIgniter\Session\Handlers\FileHandler' driver.
INFO - 2024-12-27 04:38:23 --> Session: Class initialized using 'CodeIgniter\Session\Handlers\FileHandler' driver.
INFO - 2024-12-27 04:38:59 --> Session: Class initialized using 'CodeIgniter\Session\Handlers\FileHandler' driver.
INFO - 2024-12-27 04:41:38 --> Session: Class initialized using 'CodeIgniter\Session\Handlers\FileHandler' driver.
INFO - 2024-12-27 04:45:32 --> Session: Class initialized using 'CodeIgniter\Session\Handlers\FileHandler' driver.
INFO - 2024-12-27 04:45:42 --> Session: Class initialized using 'CodeIgniter\Session\Handlers\FileHandler' driver.
INFO - 2024-12-27 04:47:41 --> Session: Class initialized using 'CodeIgniter\Session\Handlers\FileHandler' driver.
INFO - 2024-12-27 04:50:56 --> Session: Class initialized using 'CodeIgniter\Session\Handlers\FileHandler' driver.
INFO - 2024-12-27 04:51:20 --> Session: Class initialized using 'CodeIgniter\Session\Handlers\FileHandler' driver.
INFO - 2024-12-27 04:52:43 --> Session: Class initialized using 'CodeIgniter\Session\Handlers\FileHandler' driver.
INFO - 2024-12-27 04:53:03 --> Session: Class initialized using 'CodeIgniter\Session\Handlers\FileHandler' driver.
INFO - 2024-12-27 04:53:14 --> Session: Class initialized using 'CodeIgniter\Session\Handlers\FileHandler' driver.
INFO - 2024-12-27 04:53:25 --> Session: Class initialized using 'CodeIgniter\Session\Handlers\FileHandler' driver.
INFO - 2024-12-27 04:53:35 --> Session: Class initialized using 'CodeIgniter\Session\Handlers\FileHandler' driver.
INFO - 2024-12-27 04:55:52 --> Session: Class initialized using 'CodeIgniter\Session\Handlers\FileHandler' driver.
INFO - 2024-12-27 04:55:57 --> Session: Class initialized using 'CodeIgniter\Session\Handlers\FileHandler' driver.
INFO - 2024-12-27 04:56:04 --> Session: Class initialized using 'CodeIgniter\Session\Handlers\FileHandler' driver.
INFO - 2024-12-27 04:58:29 --> Session: Class initialized using 'CodeIgniter\Session\Handlers\FileHandler' driver.
INFO - 2024-12-27 04:59:21 --> Session: Class initialized using 'CodeIgniter\Session\Handlers\FileHandler' driver.
INFO - 2024-12-27 04:59:26 --> Session: Class initialized using 'CodeIgniter\Session\Handlers\FileHandler' driver.
INFO - 2024-12-27 04:59:31 --> Session: Class initialized using 'CodeIgniter\Session\Handlers\FileHandler' driver.
INFO - 2024-12-27 04:59:36 --> Session: Class initialized using 'CodeIgniter\Session\Handlers\FileHandler' driver.
INFO - 2024-12-27 05:03:38 --> Session: Class initialized using 'CodeIgniter\Session\Handlers\FileHandler' driver.
INFO - 2024-12-27 05:03:53 --> Session: Class initialized using 'CodeIgniter\Session\Handlers\FileHandler' driver.
INFO - 2024-12-27 05:09:19 --> Session: Class initialized using 'CodeIgniter\Session\Handlers\FileHandler' driver.
CRITICAL - 2024-12-27 05:09:19 --> Undefined array key "name"
in APPPATH\Views\checkout.php on line 147.
 1 APPPATH\Views\checkout.php(147): CodeIgniter\Debug\Exceptions->errorHandler(2, 'Undefined array key "name"', 'D:\\A_PERKULIAHAN\\SEMESTER 5 nadila\\E - COMMERCE\\elora\\app\\Views\\checkout.php', 147)
 2 SYSTEMPATH\View\View.php(228): include('D:\\A_PERKULIAHAN\\SEMESTER 5 nadila\\E - COMMERCE\\elora\\app\\Views\\checkout.php')
 3 SYSTEMPATH\View\View.php(231): CodeIgniter\View\View->CodeIgniter\View\{closure}()
 4 SYSTEMPATH\Common.php(1190): CodeIgniter\View\View->render('checkout', [], true)
 5 APPPATH\Controllers\CO.php(19): view('checkout', [...])
 6 SYSTEMPATH\CodeIgniter.php(942): App\Controllers\CO->index()
 7 SYSTEMPATH\CodeIgniter.php(502): CodeIgniter\CodeIgniter->runController(Object(App\Controllers\CO))
 8 SYSTEMPATH\CodeIgniter.php(361): CodeIgniter\CodeIgniter->handleRequest(null, Object(Config\Cache), false)
 9 FCPATH\index.php(79): CodeIgniter\CodeIgniter->run()
10 SYSTEMPATH\Commands\Server\rewrite.php(47): require_once('D:\\A_PERKULIAHAN\\SEMESTER 5 nadila\\E - COMMERCE\\elora\\public\\index.php')
INFO - 2024-12-27 05:09:22 --> Session: Class initialized using 'CodeIgniter\Session\Handlers\FileHandler' driver.
INFO - 2024-12-27 05:13:06 --> Session: Class initialized using 'CodeIgniter\Session\Handlers\FileHandler' driver.
INFO - 2024-12-27 05:14:45 --> Session: Class initialized using 'CodeIgniter\Session\Handlers\FileHandler' driver.
INFO - 2024-12-27 05:16:57 --> Session: Class initialized using 'CodeIgniter\Session\Handlers\FileHandler' driver.
INFO - 2024-12-27 05:20:35 --> Session: Class initialized using 'CodeIgniter\Session\Handlers\FileHandler' driver.
INFO - 2024-12-27 05:22:37 --> Session: Class initialized using 'CodeIgniter\Session\Handlers\FileHandler' driver.
INFO - 2024-12-27 05:24:17 --> Session: Class initialized using 'CodeIgniter\Session\Handlers\FileHandler' driver.
INFO - 2024-12-27 05:24:20 --> Session: Class initialized using 'CodeIgniter\Session\Handlers\FileHandler' driver.
INFO - 2024-12-27 15:20:35 --> Session: Class initialized using 'CodeIgniter\Session\Handlers\FileHandler' driver.
INFO - 2024-12-27 15:20:51 --> Session: Class initialized using 'CodeIgniter\Session\Handlers\FileHandler' driver.
INFO - 2024-12-27 15:21:01 --> Session: Class initialized using 'CodeIgniter\Session\Handlers\FileHandler' driver.
INFO - 2024-12-27 15:21:23 --> Session: Class initialized using 'CodeIgniter\Session\Handlers\FileHandler' driver.
INFO - 2024-12-27 15:21:37 --> Session: Class initialized using 'CodeIgniter\Session\Handlers\FileHandler' driver.
INFO - 2024-12-27 15:21:37 --> Session: Class initialized using 'CodeIgniter\Session\Handlers\FileHandler' driver.
INFO - 2024-12-27 15:21:56 --> Session: Class initialized using 'CodeIgniter\Session\Handlers\FileHandler' driver.
INFO - 2024-12-27 15:22:05 --> Session: Class initialized using 'CodeIgniter\Session\Handlers\FileHandler' driver.
INFO - 2024-12-27 15:22:06 --> Session: Class initialized using 'CodeIgniter\Session\Handlers\FileHandler' driver.
INFO - 2024-12-27 15:22:18 --> Session: Class initialized using 'CodeIgniter\Session\Handlers\FileHandler' driver.
INFO - 2024-12-27 15:22:38 --> Session: Class initialized using 'CodeIgniter\Session\Handlers\FileHandler' driver.
INFO - 2024-12-27 15:23:38 --> Session: Class initialized using 'CodeIgniter\Session\Handlers\FileHandler' driver.
INFO - 2024-12-27 15:23:42 --> Session: Class initialized using 'CodeIgniter\Session\Handlers\FileHandler' driver.
INFO - 2024-12-27 15:23:47 --> Session: Class initialized using 'CodeIgniter\Session\Handlers\FileHandler' driver.
INFO - 2024-12-27 15:24:52 --> Session: Class initialized using 'CodeIgniter\Session\Handlers\FileHandler' driver.
INFO - 2024-12-27 15:25:10 --> Session: Class initialized using 'CodeIgniter\Session\Handlers\FileHandler' driver.
INFO - 2024-12-27 15:30:51 --> Session: Class initialized using 'CodeIgniter\Session\Handlers\FileHandler' driver.
INFO - 2024-12-27 15:31:26 --> Session: Class initialized using 'CodeIgniter\Session\Handlers\FileHandler' driver.
INFO - 2024-12-27 15:38:41 --> Session: Class initialized using 'CodeIgniter\Session\Handlers\FileHandler' driver.
INFO - 2024-12-27 15:43:37 --> Session: Class initialized using 'CodeIgniter\Session\Handlers\FileHandler' driver.
INFO - 2024-12-27 15:45:41 --> Session: Class initialized using 'CodeIgniter\Session\Handlers\FileHandler' driver.
INFO - 2024-12-27 15:45:45 --> Session: Class initialized using 'CodeIgniter\Session\Handlers\FileHandler' driver.
INFO - 2024-12-27 15:47:11 --> Session: Class initialized using 'CodeIgniter\Session\Handlers\FileHandler' driver.
INFO - 2024-12-27 15:47:32 --> Session: Class initialized using 'CodeIgniter\Session\Handlers\FileHandler' driver.
INFO - 2024-12-27 15:49:52 --> Session: Class initialized using 'CodeIgniter\Session\Handlers\FileHandler' driver.
INFO - 2024-12-27 15:49:56 --> Session: Class initialized using 'CodeIgniter\Session\Handlers\FileHandler' driver.
INFO - 2024-12-27 15:50:00 --> Session: Class initialized using 'CodeIgniter\Session\Handlers\FileHandler' driver.
INFO - 2024-12-27 15:50:45 --> Session: Class initialized using 'CodeIgniter\Session\Handlers\FileHandler' driver.
INFO - 2024-12-27 15:50:54 --> Session: Class initialized using 'CodeIgniter\Session\Handlers\FileHandler' driver.
INFO - 2024-12-27 15:54:04 --> Session: Class initialized using 'CodeIgniter\Session\Handlers\FileHandler' driver.
CRITICAL - 2024-12-27 15:54:04 --> Undefined array key "tarif"
in APPPATH\Controllers\Cart.php on line 78.
 1 APPPATH\Controllers\Cart.php(78): CodeIgniter\Debug\Exceptions->errorHandler(2, 'Undefined array key "tarif"', 'D:\\A_PERKULIAHAN\\SEMESTER 5 nadila\\E - COMMERCE\\elora\\app\\Controllers\\Cart.php', 78)
 2 SYSTEMPATH\CodeIgniter.php(942): App\Controllers\Cart->index()
 3 SYSTEMPATH\CodeIgniter.php(502): CodeIgniter\CodeIgniter->runController(Object(App\Controllers\Cart))
 4 SYSTEMPATH\CodeIgniter.php(361): CodeIgniter\CodeIgniter->handleRequest(null, Object(Config\Cache), false)
 5 FCPATH\index.php(79): CodeIgniter\CodeIgniter->run()
 6 SYSTEMPATH\Commands\Server\rewrite.php(47): require_once('D:\\A_PERKULIAHAN\\SEMESTER 5 nadila\\E - COMMERCE\\elora\\public\\index.php')
INFO - 2024-12-27 15:54:30 --> Session: Class initialized using 'CodeIgniter\Session\Handlers\FileHandler' driver.
INFO - 2024-12-27 15:55:55 --> Session: Class initialized using 'CodeIgniter\Session\Handlers\FileHandler' driver.
INFO - 2024-12-27 15:59:52 --> Session: Class initialized using 'CodeIgniter\Session\Handlers\FileHandler' driver.
INFO - 2024-12-27 16:00:06 --> Session: Class initialized using 'CodeIgniter\Session\Handlers\FileHandler' driver.
INFO - 2024-12-27 16:01:11 --> Session: Class initialized using 'CodeIgniter\Session\Handlers\FileHandler' driver.
INFO - 2024-12-27 16:03:39 --> Session: Class initialized using 'CodeIgniter\Session\Handlers\FileHandler' driver.
INFO - 2024-12-27 16:04:59 --> Session: Class initialized using 'CodeIgniter\Session\Handlers\FileHandler' driver.
INFO - 2024-12-27 16:08:43 --> Session: Class initialized using 'CodeIgniter\Session\Handlers\FileHandler' driver.
INFO - 2024-12-27 16:10:16 --> Session: Class initialized using 'CodeIgniter\Session\Handlers\FileHandler' driver.
INFO - 2024-12-27 16:10:55 --> Session: Class initialized using 'CodeIgniter\Session\Handlers\FileHandler' driver.
INFO - 2024-12-27 16:11:02 --> Session: Class initialized using 'CodeIgniter\Session\Handlers\FileHandler' driver.
INFO - 2024-12-27 16:11:02 --> Session: Class initialized using 'CodeIgniter\Session\Handlers\FileHandler' driver.
INFO - 2024-12-27 16:11:13 --> Session: Class initialized using 'CodeIgniter\Session\Handlers\FileHandler' driver.
INFO - 2024-12-27 16:11:13 --> Session: Class initialized using 'CodeIgniter\Session\Handlers\FileHandler' driver.
INFO - 2024-12-27 16:11:17 --> Session: Class initialized using 'CodeIgniter\Session\Handlers\FileHandler' driver.
INFO - 2024-12-27 16:21:42 --> Session: Class initialized using 'CodeIgniter\Session\Handlers\FileHandler' driver.
INFO - 2024-12-27 16:21:45 --> Session: Class initialized using 'CodeIgniter\Session\Handlers\FileHandler' driver.
INFO - 2024-12-27 16:22:07 --> Session: Class initialized using 'CodeIgniter\Session\Handlers\FileHandler' driver.
INFO - 2024-12-27 16:29:17 --> Session: Class initialized using 'CodeIgniter\Session\Handlers\FileHandler' driver.
INFO - 2024-12-27 16:29:27 --> Session: Class initialized using 'CodeIgniter\Session\Handlers\FileHandler' driver.
INFO - 2024-12-27 16:30:23 --> Session: Class initialized using 'CodeIgniter\Session\Handlers\FileHandler' driver.
INFO - 2024-12-27 16:30:38 --> Session: Class initialized using 'CodeIgniter\Session\Handlers\FileHandler' driver.
INFO - 2024-12-27 16:30:51 --> Session: Class initialized using 'CodeIgniter\Session\Handlers\FileHandler' driver.
INFO - 2024-12-27 16:31:09 --> Session: Class initialized using 'CodeIgniter\Session\Handlers\FileHandler' driver.
INFO - 2024-12-27 16:31:21 --> Session: Class initialized using 'CodeIgniter\Session\Handlers\FileHandler' driver.
INFO - 2024-12-27 16:31:41 --> Session: Class initialized using 'CodeIgniter\Session\Handlers\FileHandler' driver.
INFO - 2024-12-27 16:32:41 --> Session: Class initialized using 'CodeIgniter\Session\Handlers\FileHandler' driver.
INFO - 2024-12-27 16:32:54 --> Session: Class initialized using 'CodeIgniter\Session\Handlers\FileHandler' driver.
INFO - 2024-12-27 16:33:06 --> Session: Class initialized using 'CodeIgniter\Session\Handlers\FileHandler' driver.
INFO - 2024-12-27 16:33:30 --> Session: Class initialized using 'CodeIgniter\Session\Handlers\FileHandler' driver.
INFO - 2024-12-27 16:33:38 --> Session: Class initialized using 'CodeIgniter\Session\Handlers\FileHandler' driver.
INFO - 2024-12-27 16:33:43 --> Session: Class initialized using 'CodeIgniter\Session\Handlers\FileHandler' driver.
INFO - 2024-12-27 16:33:44 --> Session: Class initialized using 'CodeIgniter\Session\Handlers\FileHandler' driver.
INFO - 2024-12-27 16:33:54 --> Session: Class initialized using 'CodeIgniter\Session\Handlers\FileHandler' driver.
INFO - 2024-12-27 16:33:54 --> Session: Class initialized using 'CodeIgniter\Session\Handlers\FileHandler' driver.
INFO - 2024-12-27 16:33:59 --> Session: Class initialized using 'CodeIgniter\Session\Handlers\FileHandler' driver.
INFO - 2024-12-27 16:34:05 --> Session: Class initialized using 'CodeIgniter\Session\Handlers\FileHandler' driver.
INFO - 2024-12-27 16:34:52 --> Session: Class initialized using 'CodeIgniter\Session\Handlers\FileHandler' driver.
INFO - 2024-12-27 16:34:52 --> Session: Class initialized using 'CodeIgniter\Session\Handlers\FileHandler' driver.
INFO - 2024-12-27 16:34:59 --> Session: Class initialized using 'CodeIgniter\Session\Handlers\FileHandler' driver.
INFO - 2024-12-27 16:35:00 --> Session: Class initialized using 'CodeIgniter\Session\Handlers\FileHandler' driver.
INFO - 2024-12-27 16:35:10 --> Session: Class initialized using 'CodeIgniter\Session\Handlers\FileHandler' driver.
INFO - 2024-12-27 16:35:10 --> Session: Class initialized using 'CodeIgniter\Session\Handlers\FileHandler' driver.
INFO - 2024-12-27 16:35:16 --> Session: Class initialized using 'CodeIgniter\Session\Handlers\FileHandler' driver.
INFO - 2024-12-27 16:44:04 --> Session: Class initialized using 'CodeIgniter\Session\Handlers\FileHandler' driver.
INFO - 2024-12-27 16:46:35 --> Session: Class initialized using 'CodeIgniter\Session\Handlers\FileHandler' driver.
INFO - 2024-12-27 16:47:27 --> Session: Class initialized using 'CodeIgniter\Session\Handlers\FileHandler' driver.
INFO - 2024-12-27 16:47:43 --> Session: Class initialized using 'CodeIgniter\Session\Handlers\FileHandler' driver.
INFO - 2024-12-27 16:48:05 --> Session: Class initialized using 'CodeIgniter\Session\Handlers\FileHandler' driver.
INFO - 2024-12-27 16:48:40 --> Session: Class initialized using 'CodeIgniter\Session\Handlers\FileHandler' driver.
INFO - 2024-12-27 16:48:51 --> Session: Class initialized using 'CodeIgniter\Session\Handlers\FileHandler' driver.
INFO - 2024-12-27 16:50:33 --> Session: Class initialized using 'CodeIgniter\Session\Handlers\FileHandler' driver.
INFO - 2024-12-27 16:54:03 --> Session: Class initialized using 'CodeIgniter\Session\Handlers\FileHandler' driver.
INFO - 2024-12-27 16:54:26 --> Session: Class initialized using 'CodeIgniter\Session\Handlers\FileHandler' driver.
INFO - 2024-12-27 16:55:02 --> Session: Class initialized using 'CodeIgniter\Session\Handlers\FileHandler' driver.
INFO - 2024-12-27 16:55:36 --> Session: Class initialized using 'CodeIgniter\Session\Handlers\FileHandler' driver.
INFO - 2024-12-27 16:57:10 --> Session: Class initialized using 'CodeIgniter\Session\Handlers\FileHandler' driver.
INFO - 2024-12-27 16:57:42 --> Session: Class initialized using 'CodeIgniter\Session\Handlers\FileHandler' driver.
INFO - 2024-12-27 16:58:04 --> Session: Class initialized using 'CodeIgniter\Session\Handlers\FileHandler' driver.
INFO - 2024-12-27 16:58:31 --> Session: Class initialized using 'CodeIgniter\Session\Handlers\FileHandler' driver.
INFO - 2024-12-27 16:58:54 --> Session: Class initialized using 'CodeIgniter\Session\Handlers\FileHandler' driver.
INFO - 2024-12-27 16:59:48 --> Session: Class initialized using 'CodeIgniter\Session\Handlers\FileHandler' driver.
INFO - 2024-12-27 17:00:25 --> Session: Class initialized using 'CodeIgniter\Session\Handlers\FileHandler' driver.
INFO - 2024-12-27 17:01:01 --> Session: Class initialized using 'CodeIgniter\Session\Handlers\FileHandler' driver.
INFO - 2024-12-27 17:01:17 --> Session: Class initialized using 'CodeIgniter\Session\Handlers\FileHandler' driver.
INFO - 2024-12-27 17:01:31 --> Session: Class initialized using 'CodeIgniter\Session\Handlers\FileHandler' driver.
INFO - 2024-12-27 17:01:53 --> Session: Class initialized using 'CodeIgniter\Session\Handlers\FileHandler' driver.
INFO - 2024-12-27 17:02:16 --> Session: Class initialized using 'CodeIgniter\Session\Handlers\FileHandler' driver.
INFO - 2024-12-27 17:03:36 --> Session: Class initialized using 'CodeIgniter\Session\Handlers\FileHandler' driver.
INFO - 2024-12-27 17:05:16 --> Session: Class initialized using 'CodeIgniter\Session\Handlers\FileHandler' driver.
INFO - 2024-12-27 17:12:58 --> Session: Class initialized using 'CodeIgniter\Session\Handlers\FileHandler' driver.
INFO - 2024-12-27 17:17:35 --> Session: Class initialized using 'CodeIgniter\Session\Handlers\FileHandler' driver.
INFO - 2024-12-27 17:17:48 --> Session: Class initialized using 'CodeIgniter\Session\Handlers\FileHandler' driver.
